# JRE version: Java(TM) SE Runtime Environment (21.0.1+12) (build 21.0.1+12-LTS-29)
# Java VM: Java HotSpot(TM) 64-Bit Server VM (21.0.1+12-LTS-29, mixed mode, emulated-client, sharing, tiered, compressed oops, compressed class ptrs, g1 gc, windows-amd64)
GC Precious Log:
 CardTable entry size: 512
 Card Set container configuration: InlinePtr #cards 5 size 8 Array Of Cards #cards 12 size 40 Howl #buckets 4 coarsen threshold 1843 Howl Bitmap #cards 512 size 80 coarsen threshold 460 Card regions per heap region 1 cards per card region 2048
 CPUs: 4 total, 4 available
 Memory: 3526M
 Large Page Support: Disabled
 NUMA Support: Disabled
 Compressed Oops: Enabled (32-bit)
 Heap Region Size: 1M
 Heap Min Capacity: 8M
 Heap Initial Capacity: 56M
 Heap Max Capacity: 882M
 Pre-touch: Disabled
 Parallel Workers: 4
 Concurrent Workers: 1
 Concurrent Refinement Workers: 4
 Periodic GC: Disabled
Heap:
 garbage-first heap   total 55296K, used 31696K [0x00000000c8e00000, 0x0000000100000000)
  region size 1024K, 16 young (16384K), 3 survivors (3072K)
 Metaspace       used 28282K, committed 28800K, reserved 1114112K
  class space    used 3902K, committed 4160K, reserved 1048576K
GC Heap History (14 events):
Event: 0.693 GC heap before
{Heap before GC invocations=0 (full 0):
 garbage-first heap   total 57344K, used 13312K [0x00000000c8e00000, 0x0000000100000000)
  region size 1024K, 13 young (13312K), 0 survivors (0K)
 Metaspace       used 3539K, committed 3648K, reserved 1114112K
  class space    used 408K, committed 448K, reserved 1048576K
}
Event: 0.700 GC heap after
{Heap after GC invocations=1 (full 0):
 garbage-first heap   total 57344K, used 6825K [0x00000000c8e00000, 0x0000000100000000)
  region size 1024K, 2 young (2048K), 2 survivors (2048K)
 Metaspace       used 3539K, committed 3648K, reserved 1114112K
  class space    used 408K, committed 448K, reserved 1048576K
}
Event: 1.431 GC heap before
{Heap before GC invocations=1 (full 0):
 garbage-first heap   total 57344K, used 19113K [0x00000000c8e00000, 0x0000000100000000)
  region size 1024K, 14 young (14336K), 2 survivors (2048K)
 Metaspace       used 8073K, committed 8320K, reserved 1114112K
  class space    used 1005K, committed 1088K, reserved 1048576K
}
Event: 1.438 GC heap after
{Heap after GC invocations=2 (full 0):
 garbage-first heap   total 57344K, used 8121K [0x00000000c8e00000, 0x0000000100000000)
  region size 1024K, 2 young (2048K), 2 survivors (2048K)
 Metaspace       used 8073K, committed 8320K, reserved 1114112K
  class space    used 1005K, committed 1088K, reserved 1048576K
}
Event: 2.750 GC heap before
{Heap before GC invocations=2 (full 0):
 garbage-first heap   total 57344K, used 28601K [0x00000000c8e00000, 0x0000000100000000)
  region size 1024K, 23 young (23552K), 2 survivors (2048K)
 Metaspace       used 13573K, committed 13888K, reserved 1114112K
  class space    used 1776K, committed 1920K, reserved 1048576K
}
Event: 2.764 GC heap after
{Heap after GC invocations=3 (full 0):
 garbage-first heap   total 57344K, used 9670K [0x00000000c8e00000, 0x0000000100000000)
  region size 1024K, 3 young (3072K), 3 survivors (3072K)
 Metaspace       used 13573K, committed 13888K, reserved 1114112K
  class space    used 1776K, committed 1920K, reserved 1048576K
}
Event: 5.782 GC heap before
{Heap before GC invocations=3 (full 0):
 garbage-first heap   total 57344K, used 39366K [0x00000000c8e00000, 0x0000000100000000)
  region size 1024K, 32 young (32768K), 3 survivors (3072K)
 Metaspace       used 19626K, committed 19968K, reserved 1114112K
  class space    used 2594K, committed 2752K, reserved 1048576K
}
Event: 5.796 GC heap after
{Heap after GC invocations=4 (full 0):
 garbage-first heap   total 57344K, used 12969K [0x00000000c8e00000, 0x0000000100000000)
  region size 1024K, 4 young (4096K), 4 survivors (4096K)
 Metaspace       used 19626K, committed 19968K, reserved 1114112K
  class space    used 2594K, committed 2752K, reserved 1048576K
}
Event: 6.582 GC heap before
{Heap before GC invocations=4 (full 0):
 garbage-first heap   total 57344K, used 27305K [0x00000000c8e00000, 0x0000000100000000)
  region size 1024K, 20 young (20480K), 4 survivors (4096K)
 Metaspace       used 21186K, committed 21504K, reserved 1114112K
  class space    used 2799K, committed 2944K, reserved 1048576K
}
Event: 6.598 GC heap after
{Heap after GC invocations=5 (full 0):
 garbage-first heap   total 57344K, used 15356K [0x00000000c8e00000, 0x0000000100000000)
  region size 1024K, 2 young (2048K), 2 survivors (2048K)
 Metaspace       used 21186K, committed 21504K, reserved 1114112K
  class space    used 2799K, committed 2944K, reserved 1048576K
}
Event: 7.552 GC heap before
{Heap before GC invocations=6 (full 0):
 garbage-first heap   total 55296K, used 43004K [0x00000000c8e00000, 0x0000000100000000)
  region size 1024K, 29 young (29696K), 2 survivors (2048K)
 Metaspace       used 24068K, committed 24448K, reserved 1114112K
  class space    used 3211K, committed 3392K, reserved 1048576K
}
Event: 7.563 GC heap after
{Heap after GC invocations=7 (full 0):
 garbage-first heap   total 55296K, used 17404K [0x00000000c8e00000, 0x0000000100000000)
  region size 1024K, 4 young (4096K), 4 survivors (4096K)
 Metaspace       used 24068K, committed 24448K, reserved 1114112K
  class space    used 3211K, committed 3392K, reserved 1048576K
}
Event: 8.397 GC heap before
{Heap before GC invocations=7 (full 0):
 garbage-first heap   total 55296K, used 43004K [0x00000000c8e00000, 0x0000000100000000)
  region size 1024K, 29 young (29696K), 4 survivors (4096K)
 Metaspace       used 26431K, committed 27008K, reserved 1114112K
  class space    used 3583K, committed 3840K, reserved 1048576K
}
Event: 8.416 GC heap after
{Heap after GC invocations=8 (full 0):
 garbage-first heap   total 55296K, used 19408K [0x00000000c8e00000, 0x0000000100000000)
  region size 1024K, 3 young (3072K), 3 survivors (3072K)
 Metaspace       used 26431K, committed 27008K, reserved 1114112K
  class space    used 3583K, committed 3840K, reserved 1048576K
}

